<?xml version="1.0" encoding="UTF-8"?>
<!-- Generated by org.testng.reporters.JUnitXMLReporter -->
<testsuite ignored="0" hostname="AjVivoBook" failures="0" tests="5" name="Reg Test 1" time="0.053" errors="0" timestamp="12 Apr 2020 14:47:03 GMT">
  <testcase classname="com.qa.tests.TestCase_1" name="test1" time="0.012"/>
  <testcase classname="com.qa.tests.TestCase_2" name="test2" time="0.002"/>
  <testcase classname="com.qa.tests.TestCase_3" name="test3" time="0.002"/>
  <testcase classname="com.qa.tests.TestCase_4" name="test4" time="0.002"/>
  <testcase classname="com.qa.tests.TestCase_5" name="test5" time="0.002"/>
</testsuite> <!-- Reg Test 1 -->
